This file contains any messages produced by compilers while
running configure, to aid debugging if configure makes a mistake.

It was created by libsecp256k1 configure 0.1, which was
generated by GNU Autoconf 2.69.  Invocation command line was

  $ ./configure --disable-option-checking --prefix=/usr/local LDFLAGS=-L/home/debian/ZENZO-Core/db4/lib/ CPPFLAGS=-I/home/debian/ZENZO-Core/db4/include/ --disable-shared --with-pic --cache-file=/dev/null --srcdir=.

## --------- ##
## Platform. ##
## --------- ##

hostname = debian
uname -m = x86_64
uname -r = 4.9.0-8-amd64
uname -s = Linux
uname -v = #1 SMP Debian 4.9.144-3.1 (2019-02-19)

/usr/bin/uname -p = unknown
/bin/uname -X     = unknown

/bin/arch              = unknown
/usr/bin/arch -k       = unknown
/usr/convex/getsysinfo = unknown
/usr/bin/hostinfo      = unknown
/bin/machine           = unknown
/usr/bin/oslevel       = unknown
/bin/universe          = unknown

PATH: /usr/local/sbin
PATH: /usr/local/bin
PATH: /usr/sbin
PATH: /usr/bin
PATH: /sbin
PATH: /bin


## ----------- ##
## Core tests. ##
## ----------- ##

configure:2303: checking build system type
configure:2317: result: x86_64-pc-linux-gnu
configure:2337: checking host system type
configure:2350: result: x86_64-pc-linux-gnu
configure:2389: checking for a BSD-compatible install
configure:2457: result: /usr/bin/install -c
configure:2468: checking whether build environment is sane
configure:2523: result: yes
configure:2674: checking for a thread-safe mkdir -p
configure:2713: result: /bin/mkdir -p
configure:2720: checking for gawk
configure:2736: found /usr/bin/gawk
configure:2747: result: gawk
configure:2758: checking whether make sets $(MAKE)
configure:2780: result: yes
configure:2809: checking whether make supports nested variables
configure:2826: result: yes
configure:2998: checking how to print strings
configure:3025: result: printf
configure:3058: checking for style of include used by make
configure:3086: result: GNU
configure:3157: checking for gcc
configure:3173: found /usr/bin/gcc
configure:3184: result: gcc
configure:3413: checking for C compiler version
configure:3422: gcc --version >&5
gcc (Debian 6.3.0-18+deb9u1) 6.3.0 20170516
Copyright (C) 2016 Free Software Foundation, Inc.
This is free software; see the source for copying conditions.  There is NO
warranty; not even for MERCHANTABILITY or FITNESS FOR A PARTICULAR PURPOSE.

configure:3433: $? = 0
configure:3422: gcc -v >&5
Using built-in specs.
COLLECT_GCC=gcc
COLLECT_LTO_WRAPPER=/usr/lib/gcc/x86_64-linux-gnu/6/lto-wrapper
Target: x86_64-linux-gnu
Configured with: ../src/configure -v --with-pkgversion='Debian 6.3.0-18+deb9u1' --with-bugurl=file:///usr/share/doc/gcc-6/README.Bugs --enable-languages=c,ada,c++,java,go,d,fortran,objc,obj-c++ --prefix=/usr --program-suffix=-6 --program-prefix=x86_64-linux-gnu- --enable-shared --enable-linker-build-id --libexecdir=/usr/lib --without-included-gettext --enable-threads=posix --libdir=/usr/lib --enable-nls --with-sysroot=/ --enable-clocale=gnu --enable-libstdcxx-debug --enable-libstdcxx-time=yes --with-default-libstdcxx-abi=new --enable-gnu-unique-object --disable-vtable-verify --enable-libmpx --enable-plugin --enable-default-pie --with-system-zlib --disable-browser-plugin --enable-java-awt=gtk --enable-gtk-cairo --with-java-home=/usr/lib/jvm/java-1.5.0-gcj-6-amd64/jre --enable-java-home --with-jvm-root-dir=/usr/lib/jvm/java-1.5.0-gcj-6-amd64 --with-jvm-jar-dir=/usr/lib/jvm-exports/java-1.5.0-gcj-6-amd64 --with-arch-directory=amd64 --with-ecj-jar=/usr/share/java/eclipse-ecj.jar --with-target-system-zlib --enable-objc-gc=auto --enable-multiarch --with-arch-32=i686 --with-abi=m64 --with-multilib-list=m32,m64,mx32 --enable-multilib --with-tune=generic --enable-checking=release --build=x86_64-linux-gnu --host=x86_64-linux-gnu --target=x86_64-linux-gnu
Thread model: posix
gcc version 6.3.0 20170516 (Debian 6.3.0-18+deb9u1) 
configure:3433: $? = 0
configure:3422: gcc -V >&5
gcc: error: unrecognized command line option '-V'
gcc: fatal error: no input files
compilation terminated.
configure:3433: $? = 1
configure:3422: gcc -qversion >&5
gcc: error: unrecognized command line option '-qversion'; did you mean '--version'?
gcc: fatal error: no input files
compilation terminated.
configure:3433: $? = 1
configure:3453: checking whether the C compiler works
configure:3475: gcc  -I/home/debian/ZENZO-Core/db4/include/ -L/home/debian/ZENZO-Core/db4/lib/ conftest.c  >&5
configure:3479: $? = 0
configure:3527: result: yes
configure:3530: checking for C compiler default output file name
configure:3532: result: a.out
configure:3538: checking for suffix of executables
configure:3545: gcc -o conftest  -I/home/debian/ZENZO-Core/db4/include/ -L/home/debian/ZENZO-Core/db4/lib/ conftest.c  >&5
configure:3549: $? = 0
configure:3571: result: 
configure:3593: checking whether we are cross compiling
configure:3601: gcc -o conftest  -I/home/debian/ZENZO-Core/db4/include/ -L/home/debian/ZENZO-Core/db4/lib/ conftest.c  >&5
configure:3605: $? = 0
configure:3612: ./conftest
configure:3616: $? = 0
configure:3631: result: no
configure:3636: checking for suffix of object files
configure:3658: gcc -c  -I/home/debian/ZENZO-Core/db4/include/ conftest.c >&5
configure:3662: $? = 0
configure:3683: result: o
configure:3687: checking whether we are using the GNU C compiler
configure:3706: gcc -c  -I/home/debian/ZENZO-Core/db4/include/ conftest.c >&5
configure:3706: $? = 0
configure:3715: result: yes
configure:3724: checking whether gcc accepts -g
configure:3744: gcc -c -g -I/home/debian/ZENZO-Core/db4/include/ conftest.c >&5
configure:3744: $? = 0
configure:3785: result: yes
configure:3802: checking for gcc option to accept ISO C89
configure:3865: gcc  -c -g -O2 -I/home/debian/ZENZO-Core/db4/include/ conftest.c >&5
configure:3865: $? = 0
configure:3878: result: none needed
configure:3903: checking whether gcc understands -c and -o together
configure:3925: gcc -c conftest.c -o conftest2.o
configure:3928: $? = 0
configure:3925: gcc -c conftest.c -o conftest2.o
configure:3928: $? = 0
configure:3940: result: yes
configure:3959: checking dependency style of gcc
configure:4070: result: gcc3
configure:4085: checking for a sed that does not truncate output
configure:4149: result: /bin/sed
configure:4167: checking for grep that handles long lines and -e
configure:4225: result: /bin/grep
configure:4230: checking for egrep
configure:4292: result: /bin/grep -E
configure:4297: checking for fgrep
configure:4359: result: /bin/grep -F
configure:4394: checking for ld used by gcc
configure:4461: result: /usr/bin/ld
configure:4468: checking if the linker (/usr/bin/ld) is GNU ld
configure:4483: result: yes
configure:4495: checking for BSD- or MS-compatible name lister (nm)
configure:4549: result: /usr/bin/nm -B
configure:4679: checking the name lister (/usr/bin/nm -B) interface
configure:4686: gcc -c -g -O2 -I/home/debian/ZENZO-Core/db4/include/ conftest.c >&5
configure:4689: /usr/bin/nm -B "conftest.o"
configure:4692: output
0000000000000000 B some_variable
configure:4699: result: BSD nm
configure:4702: checking whether ln -s works
configure:4706: result: yes
configure:4714: checking the maximum length of command line arguments
configure:4845: result: 1572864
configure:4893: checking how to convert x86_64-pc-linux-gnu file names to x86_64-pc-linux-gnu format
configure:4933: result: func_convert_file_noop
configure:4940: checking how to convert x86_64-pc-linux-gnu file names to toolchain format
configure:4960: result: func_convert_file_noop
configure:4967: checking for /usr/bin/ld option to reload object files
configure:4974: result: -r
configure:5048: checking for objdump
configure:5064: found /usr/bin/objdump
configure:5075: result: objdump
configure:5107: checking how to recognize dependent libraries
configure:5307: result: pass_all
configure:5392: checking for dlltool
configure:5422: result: no
configure:5452: checking how to associate runtime and link libraries
configure:5479: result: printf %s\n
configure:5540: checking for ar
configure:5556: found /usr/bin/ar
configure:5567: result: ar
configure:5604: checking for archiver @FILE support
configure:5621: gcc -c -g -O2 -I/home/debian/ZENZO-Core/db4/include/ conftest.c >&5
configure:5621: $? = 0
configure:5624: ar cru libconftest.a @conftest.lst >&5
ar: `u' modifier ignored since `D' is the default (see `U')
configure:5627: $? = 0
configure:5632: ar cru libconftest.a @conftest.lst >&5
ar: `u' modifier ignored since `D' is the default (see `U')
ar: conftest.o: No such file or directory
configure:5635: $? = 1
configure:5647: result: @
configure:5705: checking for strip
configure:5721: found /usr/bin/strip
configure:5732: result: strip
configure:5804: checking for ranlib
configure:5820: found /usr/bin/ranlib
configure:5831: result: ranlib
configure:5933: checking command to parse /usr/bin/nm -B output from gcc object
configure:6086: gcc -c -g -O2 -I/home/debian/ZENZO-Core/db4/include/ conftest.c >&5
configure:6089: $? = 0
configure:6093: /usr/bin/nm -B conftest.o \| sed -n -e 's/^.*[ ]\([ABCDGIRSTW][ABCDGIRSTW]*\)[ ][ ]*\([_A-Za-z][_A-Za-z0-9]*\)$/\1 \2 \2/p' | sed '/ __gnu_lto/d' \> conftest.nm
configure:6096: $? = 0
configure:6162: gcc -o conftest -g -O2 -I/home/debian/ZENZO-Core/db4/include/ -L/home/debian/ZENZO-Core/db4/lib/ conftest.c conftstm.o >&5
configure:6165: $? = 0
configure:6203: result: ok
configure:6250: checking for sysroot
configure:6280: result: no
configure:6287: checking for a working dd
configure:6325: result: /bin/dd
configure:6329: checking how to truncate binary pipes
configure:6344: result: /bin/dd bs=4096 count=1
configure:6480: gcc -c -g -O2 -I/home/debian/ZENZO-Core/db4/include/ conftest.c >&5
configure:6483: $? = 0
configure:6673: checking for mt
configure:6689: found /bin/mt
configure:6700: result: mt
configure:6723: checking if mt is a manifest tool
configure:6729: mt '-?'
configure:6737: result: no
configure:7414: checking how to run the C preprocessor
configure:7445: gcc -E -I/home/debian/ZENZO-Core/db4/include/ conftest.c
configure:7445: $? = 0
configure:7459: gcc -E -I/home/debian/ZENZO-Core/db4/include/ conftest.c
conftest.c:11:28: fatal error: ac_nonexistent.h: No such file or directory
 #include <ac_nonexistent.h>
                            ^
compilation terminated.
configure:7459: $? = 1
configure: failed program was:
| /* confdefs.h */
| #define PACKAGE_NAME "libsecp256k1"
| #define PACKAGE_TARNAME "libsecp256k1"
| #define PACKAGE_VERSION "0.1"
| #define PACKAGE_STRING "libsecp256k1 0.1"
| #define PACKAGE_BUGREPORT ""
| #define PACKAGE_URL ""
| #define PACKAGE "libsecp256k1"
| #define VERSION "0.1"
| /* end confdefs.h.  */
| #include <ac_nonexistent.h>
configure:7484: result: gcc -E
configure:7504: gcc -E -I/home/debian/ZENZO-Core/db4/include/ conftest.c
configure:7504: $? = 0
configure:7518: gcc -E -I/home/debian/ZENZO-Core/db4/include/ conftest.c
conftest.c:11:28: fatal error: ac_nonexistent.h: No such file or directory
 #include <ac_nonexistent.h>
                            ^
compilation terminated.
configure:7518: $? = 1
configure: failed program was:
| /* confdefs.h */
| #define PACKAGE_NAME "libsecp256k1"
| #define PACKAGE_TARNAME "libsecp256k1"
| #define PACKAGE_VERSION "0.1"
| #define PACKAGE_STRING "libsecp256k1 0.1"
| #define PACKAGE_BUGREPORT ""
| #define PACKAGE_URL ""
| #define PACKAGE "libsecp256k1"
| #define VERSION "0.1"
| /* end confdefs.h.  */
| #include <ac_nonexistent.h>
configure:7547: checking for ANSI C header files
configure:7567: gcc -c -g -O2 -I/home/debian/ZENZO-Core/db4/include/ conftest.c >&5
configure:7567: $? = 0
configure:7640: gcc -o conftest -g -O2 -I/home/debian/ZENZO-Core/db4/include/ -L/home/debian/ZENZO-Core/db4/lib/ conftest.c  >&5
configure:7640: $? = 0
configure:7640: ./conftest
configure:7640: $? = 0
configure:7651: result: yes
configure:7664: checking for sys/types.h
configure:7664: gcc -c -g -O2 -I/home/debian/ZENZO-Core/db4/include/ conftest.c >&5
configure:7664: $? = 0
configure:7664: result: yes
configure:7664: checking for sys/stat.h
configure:7664: gcc -c -g -O2 -I/home/debian/ZENZO-Core/db4/include/ conftest.c >&5
configure:7664: $? = 0
configure:7664: result: yes
configure:7664: checking for stdlib.h
configure:7664: gcc -c -g -O2 -I/home/debian/ZENZO-Core/db4/include/ conftest.c >&5
configure:7664: $? = 0
configure:7664: result: yes
configure:7664: checking for string.h
configure:7664: gcc -c -g -O2 -I/home/debian/ZENZO-Core/db4/include/ conftest.c >&5
configure:7664: $? = 0
configure:7664: result: yes
configure:7664: checking for memory.h
configure:7664: gcc -c -g -O2 -I/home/debian/ZENZO-Core/db4/include/ conftest.c >&5
configure:7664: $? = 0
configure:7664: result: yes
configure:7664: checking for strings.h
configure:7664: gcc -c -g -O2 -I/home/debian/ZENZO-Core/db4/include/ conftest.c >&5
configure:7664: $? = 0
configure:7664: result: yes
configure:7664: checking for inttypes.h
configure:7664: gcc -c -g -O2 -I/home/debian/ZENZO-Core/db4/include/ conftest.c >&5
configure:7664: $? = 0
configure:7664: result: yes
configure:7664: checking for stdint.h
configure:7664: gcc -c -g -O2 -I/home/debian/ZENZO-Core/db4/include/ conftest.c >&5
configure:7664: $? = 0
configure:7664: result: yes
configure:7664: checking for unistd.h
configure:7664: gcc -c -g -O2 -I/home/debian/ZENZO-Core/db4/include/ conftest.c >&5
configure:7664: $? = 0
configure:7664: result: yes
configure:7678: checking for dlfcn.h
configure:7678: gcc -c -g -O2 -I/home/debian/ZENZO-Core/db4/include/ conftest.c >&5
configure:7678: $? = 0
configure:7678: result: yes
configure:7934: checking for objdir
configure:7949: result: .libs
configure:8213: checking if gcc supports -fno-rtti -fno-exceptions
configure:8231: gcc -c -g -O2 -I/home/debian/ZENZO-Core/db4/include/ -fno-rtti -fno-exceptions conftest.c >&5
cc1: warning: command line option '-fno-rtti' is valid for C++/ObjC++ but not for C
configure:8235: $? = 0
configure:8248: result: no
configure:8606: checking for gcc option to produce PIC
configure:8613: result: -fPIC -DPIC
configure:8621: checking if gcc PIC flag -fPIC -DPIC works
configure:8639: gcc -c -g -O2 -I/home/debian/ZENZO-Core/db4/include/ -fPIC -DPIC -DPIC conftest.c >&5
configure:8643: $? = 0
configure:8656: result: yes
configure:8685: checking if gcc static flag -static works
configure:8713: result: yes
configure:8728: checking if gcc supports -c -o file.o
configure:8749: gcc -c -g -O2 -I/home/debian/ZENZO-Core/db4/include/ -o out/conftest2.o conftest.c >&5
configure:8753: $? = 0
configure:8775: result: yes
configure:8783: checking if gcc supports -c -o file.o
configure:8830: result: yes
configure:8863: checking whether the gcc linker (/usr/bin/ld -m elf_x86_64) supports shared libraries
configure:10126: result: yes
configure:10366: checking dynamic linker characteristics
configure:10947: gcc -o conftest -g -O2 -I/home/debian/ZENZO-Core/db4/include/ -L/home/debian/ZENZO-Core/db4/lib/ -Wl,-rpath -Wl,/foo conftest.c  >&5
configure:10947: $? = 0
configure:11196: result: GNU/Linux ld.so
configure:11318: checking how to hardcode library paths into programs
configure:11343: result: immediate
configure:11891: checking whether stripping libraries is possible
configure:11896: result: yes
configure:11931: checking if libtool supports shared libraries
configure:11933: result: yes
configure:11936: checking whether to build shared libraries
configure:11961: result: no
configure:11964: checking whether to build static libraries
configure:11968: result: yes
configure:12017: checking whether make supports nested variables
configure:12034: result: yes
configure:12100: checking for pkg-config
configure:12118: found /usr/bin/pkg-config
configure:12130: result: /usr/bin/pkg-config
configure:12155: checking pkg-config is at least version 0.9.0
configure:12158: result: yes
configure:12213: checking for ar
configure:12231: found /usr/bin/ar
configure:12243: result: /usr/bin/ar
configure:12311: checking for ranlib
configure:12329: found /usr/bin/ranlib
configure:12341: result: /usr/bin/ranlib
configure:12409: checking for strip
configure:12427: found /usr/bin/strip
configure:12439: result: /usr/bin/strip
configure:12462: checking for gcc option to accept ISO C99
configure:12611: gcc  -c -g -O2 -I/home/debian/ZENZO-Core/db4/include/ conftest.c >&5
configure:12611: $? = 0
configure:12624: result: none needed
configure:12762: checking if gcc supports -Wall -Wextra -Wcast-align -Wnested-externs -Wshadow -Wstrict-prototypes -Wno-unused-function
configure:12768: gcc -c -g -O2 -W -Wall -Wextra -Wcast-align -Wnested-externs -Wshadow -Wstrict-prototypes -Wno-unused-function -I/home/debian/ZENZO-Core/db4/include/ conftest.c >&5
configure:12768: $? = 0
configure:12769: result: yes
configure:12831: checking for __int128
configure:12831: gcc -c -g -O2 -W -Wall -Wextra -Wcast-align -Wnested-externs -Wshadow -Wstrict-prototypes -Wno-unused-function -I/home/debian/ZENZO-Core/db4/include/ conftest.c >&5
conftest.c:57:1: warning: function declaration isn't a prototype [-Wstrict-prototypes]
 main ()
 ^~~~
configure:12831: $? = 0
configure:12831: gcc -c -g -O2 -W -Wall -Wextra -Wcast-align -Wnested-externs -Wshadow -Wstrict-prototypes -Wno-unused-function -I/home/debian/ZENZO-Core/db4/include/ conftest.c >&5
conftest.c:57:1: warning: function declaration isn't a prototype [-Wstrict-prototypes]
 main ()
 ^~~~
conftest.c: In function 'main':
conftest.c:59:23: error: expected expression before ')' token
 if (sizeof ((__int128)))
                       ^
configure:12831: $? = 1
configure: failed program was:
| /* confdefs.h */
| #define PACKAGE_NAME "libsecp256k1"
| #define PACKAGE_TARNAME "libsecp256k1"
| #define PACKAGE_VERSION "0.1"
| #define PACKAGE_STRING "libsecp256k1 0.1"
| #define PACKAGE_BUGREPORT ""
| #define PACKAGE_URL ""
| #define PACKAGE "libsecp256k1"
| #define VERSION "0.1"
| #define STDC_HEADERS 1
| #define HAVE_SYS_TYPES_H 1
| #define HAVE_SYS_STAT_H 1
| #define HAVE_STDLIB_H 1
| #define HAVE_STRING_H 1
| #define HAVE_MEMORY_H 1
| #define HAVE_STRINGS_H 1
| #define HAVE_INTTYPES_H 1
| #define HAVE_STDINT_H 1
| #define HAVE_UNISTD_H 1
| #define HAVE_DLFCN_H 1
| #define LT_OBJDIR ".libs/"
| /* end confdefs.h.  */
| #include <stdio.h>
| #ifdef HAVE_SYS_TYPES_H
| # include <sys/types.h>
| #endif
| #ifdef HAVE_SYS_STAT_H
| # include <sys/stat.h>
| #endif
| #ifdef STDC_HEADERS
| # include <stdlib.h>
| # include <stddef.h>
| #else
| # ifdef HAVE_STDLIB_H
| #  include <stdlib.h>
| # endif
| #endif
| #ifdef HAVE_STRING_H
| # if !defined STDC_HEADERS && defined HAVE_MEMORY_H
| #  include <memory.h>
| # endif
| # include <string.h>
| #endif
| #ifdef HAVE_STRINGS_H
| # include <strings.h>
| #endif
| #ifdef HAVE_INTTYPES_H
| # include <inttypes.h>
| #endif
| #ifdef HAVE_STDINT_H
| # include <stdint.h>
| #endif
| #ifdef HAVE_UNISTD_H
| # include <unistd.h>
| #endif
| int
| main ()
| {
| if (sizeof ((__int128)))
| 	    return 0;
|   ;
|   return 0;
| }
configure:12831: result: yes
configure:12842: checking whether __builtin_expect is declared
configure:12842: gcc -c -g -O2 -W -Wall -Wextra -Wcast-align -Wnested-externs -Wshadow -Wstrict-prototypes -Wno-unused-function -I/home/debian/ZENZO-Core/db4/include/ conftest.c >&5
conftest.c:58:1: warning: function declaration isn't a prototype [-Wstrict-prototypes]
 main ()
 ^~~~
configure:12842: $? = 0
configure:12842: result: yes
configure:13042: Using field implementation: 32bit
configure:13044: Using bignum implementation: none
configure:13046: Using scalar implementation: 32bit
configure:13196: checking that generated files are newer than configure
configure:13202: result: done
configure:13237: creating ./config.status

## ---------------------- ##
## Running config.status. ##
## ---------------------- ##

This file was extended by libsecp256k1 config.status 0.1, which was
generated by GNU Autoconf 2.69.  Invocation command line was

  CONFIG_FILES    = 
  CONFIG_HEADERS  = 
  CONFIG_LINKS    = 
  CONFIG_COMMANDS = 
  $ ./config.status 

on debian

config.status:1108: creating Makefile
config.status:1108: creating libsecp256k1.pc
config.status:1108: creating src/libsecp256k1-config.h
config.status:1289: src/libsecp256k1-config.h is unchanged
config.status:1337: executing depfiles commands
config.status:1337: executing libtool commands

## ---------------- ##
## Cache variables. ##
## ---------------- ##

ac_cv_build=x86_64-pc-linux-gnu
ac_cv_c_compiler_gnu=yes
ac_cv_env_CC_set=
ac_cv_env_CC_value=
ac_cv_env_CFLAGS_set=
ac_cv_env_CFLAGS_value=
ac_cv_env_CPPFLAGS_set=set
ac_cv_env_CPPFLAGS_value=-I/home/debian/ZENZO-Core/db4/include/
ac_cv_env_CPP_set=
ac_cv_env_CPP_value=
ac_cv_env_LDFLAGS_set=set
ac_cv_env_LDFLAGS_value=-L/home/debian/ZENZO-Core/db4/lib/
ac_cv_env_LIBS_set=
ac_cv_env_LIBS_value=
ac_cv_env_LT_SYS_LIBRARY_PATH_set=
ac_cv_env_LT_SYS_LIBRARY_PATH_value=
ac_cv_env_PKG_CONFIG_LIBDIR_set=
ac_cv_env_PKG_CONFIG_LIBDIR_value=
ac_cv_env_PKG_CONFIG_PATH_set=
ac_cv_env_PKG_CONFIG_PATH_value=
ac_cv_env_PKG_CONFIG_set=
ac_cv_env_PKG_CONFIG_value=
ac_cv_env_build_alias_set=
ac_cv_env_build_alias_value=
ac_cv_env_host_alias_set=
ac_cv_env_host_alias_value=
ac_cv_env_target_alias_set=
ac_cv_env_target_alias_value=
ac_cv_have_decl___builtin_expect=yes
ac_cv_header_dlfcn_h=yes
ac_cv_header_inttypes_h=yes
ac_cv_header_memory_h=yes
ac_cv_header_stdc=yes
ac_cv_header_stdint_h=yes
ac_cv_header_stdlib_h=yes
ac_cv_header_string_h=yes
ac_cv_header_strings_h=yes
ac_cv_header_sys_stat_h=yes
ac_cv_header_sys_types_h=yes
ac_cv_header_unistd_h=yes
ac_cv_host=x86_64-pc-linux-gnu
ac_cv_objext=o
ac_cv_path_EGREP='/bin/grep -E'
ac_cv_path_FGREP='/bin/grep -F'
ac_cv_path_GREP=/bin/grep
ac_cv_path_SED=/bin/sed
ac_cv_path_ac_pt_AR=/usr/bin/ar
ac_cv_path_ac_pt_PKG_CONFIG=/usr/bin/pkg-config
ac_cv_path_ac_pt_RANLIB=/usr/bin/ranlib
ac_cv_path_ac_pt_STRIP=/usr/bin/strip
ac_cv_path_install='/usr/bin/install -c'
ac_cv_path_lt_DD=/bin/dd
ac_cv_path_mkdir=/bin/mkdir
ac_cv_prog_AWK=gawk
ac_cv_prog_CPP='gcc -E'
ac_cv_prog_ac_ct_AR=ar
ac_cv_prog_ac_ct_CC=gcc
ac_cv_prog_ac_ct_MANIFEST_TOOL=mt
ac_cv_prog_ac_ct_OBJDUMP=objdump
ac_cv_prog_ac_ct_RANLIB=ranlib
ac_cv_prog_ac_ct_STRIP=strip
ac_cv_prog_cc_c89=
ac_cv_prog_cc_c99=
ac_cv_prog_cc_g=yes
ac_cv_prog_make_make_set=yes
ac_cv_type___int128=yes
am_cv_CC_dependencies_compiler_type=gcc3
am_cv_make_support_nested_variables=yes
am_cv_prog_cc_c_o=yes
lt_cv_ar_at_file=@
lt_cv_deplibs_check_method=pass_all
lt_cv_file_magic_cmd='$MAGIC_CMD'
lt_cv_file_magic_test_file=
lt_cv_ld_reload_flag=-r
lt_cv_nm_interface='BSD nm'
lt_cv_objdir=.libs
lt_cv_path_LD=/usr/bin/ld
lt_cv_path_NM='/usr/bin/nm -B'
lt_cv_path_mainfest_tool=no
lt_cv_prog_compiler_c_o=yes
lt_cv_prog_compiler_pic='-fPIC -DPIC'
lt_cv_prog_compiler_pic_works=yes
lt_cv_prog_compiler_rtti_exceptions=no
lt_cv_prog_compiler_static_works=yes
lt_cv_prog_gnu_ld=yes
lt_cv_sharedlib_from_linklib_cmd='printf %s\n'
lt_cv_shlibpath_overrides_runpath=yes
lt_cv_sys_global_symbol_pipe='sed -n -e '\''s/^.*[	 ]\([ABCDGIRSTW][ABCDGIRSTW]*\)[	 ][	 ]*\([_A-Za-z][_A-Za-z0-9]*\)$/\1 \2 \2/p'\'' | sed '\''/ __gnu_lto/d'\'''
lt_cv_sys_global_symbol_to_c_name_address='sed -n -e '\''s/^: \(.*\) .*$/  {"\1", (void *) 0},/p'\'' -e '\''s/^[ABCDGIRSTW][ABCDGIRSTW]* .* \(.*\)$/  {"\1", (void *) \&\1},/p'\'''
lt_cv_sys_global_symbol_to_c_name_address_lib_prefix='sed -n -e '\''s/^: \(.*\) .*$/  {"\1", (void *) 0},/p'\'' -e '\''s/^[ABCDGIRSTW][ABCDGIRSTW]* .* \(lib.*\)$/  {"\1", (void *) \&\1},/p'\'' -e '\''s/^[ABCDGIRSTW][ABCDGIRSTW]* .* \(.*\)$/  {"lib\1", (void *) \&\1},/p'\'''
lt_cv_sys_global_symbol_to_cdecl='sed -n -e '\''s/^T .* \(.*\)$/extern int \1();/p'\'' -e '\''s/^[ABCDGIRSTW][ABCDGIRSTW]* .* \(.*\)$/extern char \1;/p'\'''
lt_cv_sys_global_symbol_to_import=
lt_cv_sys_max_cmd_len=1572864
lt_cv_to_host_file_cmd=func_convert_file_noop
lt_cv_to_tool_file_cmd=func_convert_file_noop
lt_cv_truncate_bin='/bin/dd bs=4096 count=1'

## ----------------- ##
## Output variables. ##
## ----------------- ##

ACLOCAL='${SHELL} /home/debian/ZENZO-Core/src/secp256k1/build-aux/missing aclocal-1.15'
AMDEPBACKSLASH='\'
AMDEP_FALSE='#'
AMDEP_TRUE=''
AMTAR='$${TAR-tar}'
AM_BACKSLASH='\'
AM_DEFAULT_V='$(AM_DEFAULT_VERBOSITY)'
AM_DEFAULT_VERBOSITY='0'
AM_V='$(V)'
AR='/usr/bin/ar'
AUTOCONF='${SHELL} /home/debian/ZENZO-Core/src/secp256k1/build-aux/missing autoconf'
AUTOHEADER='${SHELL} /home/debian/ZENZO-Core/src/secp256k1/build-aux/missing autoheader'
AUTOMAKE='${SHELL} /home/debian/ZENZO-Core/src/secp256k1/build-aux/missing automake-1.15'
AWK='gawk'
BREW=''
CC='gcc'
CCDEPMODE='depmode=gcc3'
CFLAGS='-g -O2 -W -Wall -Wextra -Wcast-align -Wnested-externs -Wshadow -Wstrict-prototypes -Wno-unused-function'
CPP='gcc -E'
CPPFLAGS='-I/home/debian/ZENZO-Core/db4/include/'
CYGPATH_W='echo'
DEFS='-DHAVE_CONFIG_H'
DEPDIR='.deps'
DLLTOOL='false'
DSYMUTIL=''
DUMPBIN=''
ECHO_C=''
ECHO_N='-n'
ECHO_T=''
EGREP='/bin/grep -E'
EXEEXT=''
FGREP='/bin/grep -F'
GREP='/bin/grep'
INSTALL_DATA='${INSTALL} -m 644'
INSTALL_PROGRAM='${INSTALL}'
INSTALL_SCRIPT='${INSTALL}'
INSTALL_STRIP_PROGRAM='$(install_sh) -c -s'
LD='/usr/bin/ld -m elf_x86_64'
LDFLAGS='-L/home/debian/ZENZO-Core/db4/lib/'
LIBOBJS=''
LIBS=''
LIBTOOL='$(SHELL) $(top_builddir)/libtool'
LIPO=''
LN_S='ln -s'
LTLIBOBJS=''
LT_SYS_LIBRARY_PATH=''
MAKEINFO='${SHELL} /home/debian/ZENZO-Core/src/secp256k1/build-aux/missing makeinfo'
MANIFEST_TOOL=':'
MKDIR_P='/bin/mkdir -p'
NM='/usr/bin/nm -B'
NMEDIT=''
OBJDUMP='objdump'
OBJEXT='o'
OTOOL64=''
OTOOL=''
PACKAGE='libsecp256k1'
PACKAGE_BUGREPORT=''
PACKAGE_NAME='libsecp256k1'
PACKAGE_STRING='libsecp256k1 0.1'
PACKAGE_TARNAME='libsecp256k1'
PACKAGE_URL=''
PACKAGE_VERSION='0.1'
PATH_SEPARATOR=':'
PKG_CONFIG='/usr/bin/pkg-config'
PKG_CONFIG_LIBDIR=''
PKG_CONFIG_PATH=''
PORT=''
RANLIB='/usr/bin/ranlib'
SECP_INCLUDES=''
SECP_LIBS=''
SECP_TEST_INCLUDES=''
SECP_TEST_LIBS=''
SED='/bin/sed'
SET_MAKE=''
SHELL='/bin/bash'
STRIP='/usr/bin/strip'
USE_ASM_FALSE=''
USE_ASM_TRUE='#'
USE_BENCHMARK_FALSE='#'
USE_BENCHMARK_TRUE=''
USE_TESTS_FALSE='#'
USE_TESTS_TRUE=''
VERSION='0.1'
YASM_BINFMT=''
ac_ct_AR='ar'
ac_ct_CC='gcc'
ac_ct_DUMPBIN=''
am__EXEEXT_FALSE=''
am__EXEEXT_TRUE='#'
am__fastdepCC_FALSE='#'
am__fastdepCC_TRUE=''
am__include='include'
am__isrc=''
am__leading_dot='.'
am__nodep='_no'
am__quote=''
am__tar='$${TAR-tar} chof - "$$tardir"'
am__untar='$${TAR-tar} xf -'
bindir='${exec_prefix}/bin'
build='x86_64-pc-linux-gnu'
build_alias=''
build_cpu='x86_64'
build_os='linux-gnu'
build_vendor='pc'
datadir='${datarootdir}'
datarootdir='${prefix}/share'
docdir='${datarootdir}/doc/${PACKAGE_TARNAME}'
dvidir='${docdir}'
exec_prefix='${prefix}'
host='x86_64-pc-linux-gnu'
host_alias=''
host_cpu='x86_64'
host_os='linux-gnu'
host_vendor='pc'
htmldir='${docdir}'
includedir='${prefix}/include'
infodir='${datarootdir}/info'
install_sh='${SHELL} /home/debian/ZENZO-Core/src/secp256k1/build-aux/install-sh'
libdir='${exec_prefix}/lib'
libexecdir='${exec_prefix}/libexec'
localedir='${datarootdir}/locale'
localstatedir='${prefix}/var'
mandir='${datarootdir}/man'
mkdir_p='$(MKDIR_P)'
oldincludedir='/usr/include'
pdfdir='${docdir}'
prefix='/usr/local'
program_transform_name='s,x,x,'
psdir='${docdir}'
runstatedir='${localstatedir}/run'
sbindir='${exec_prefix}/sbin'
sharedstatedir='${prefix}/com'
sysconfdir='${prefix}/etc'
target_alias=''

## ----------- ##
## confdefs.h. ##
## ----------- ##

/* confdefs.h */
#define PACKAGE_NAME "libsecp256k1"
#define PACKAGE_TARNAME "libsecp256k1"
#define PACKAGE_VERSION "0.1"
#define PACKAGE_STRING "libsecp256k1 0.1"
#define PACKAGE_BUGREPORT ""
#define PACKAGE_URL ""
#define PACKAGE "libsecp256k1"
#define VERSION "0.1"
#define STDC_HEADERS 1
#define HAVE_SYS_TYPES_H 1
#define HAVE_SYS_STAT_H 1
#define HAVE_STDLIB_H 1
#define HAVE_STRING_H 1
#define HAVE_MEMORY_H 1
#define HAVE_STRINGS_H 1
#define HAVE_INTTYPES_H 1
#define HAVE_STDINT_H 1
#define HAVE_UNISTD_H 1
#define HAVE_DLFCN_H 1
#define LT_OBJDIR ".libs/"
#define HAVE___INT128 1
#define HAVE_BUILTIN_EXPECT 1
#define USE_FIELD_10X26 1
#define USE_NUM_NONE 1
#define USE_FIELD_INV_BUILTIN 1
#define USE_SCALAR_INV_BUILTIN 1
#define USE_SCALAR_8X32 1

configure: exit 0
